  [1m[35m (661.2ms)[0m  [1m[35mCREATE DATABASE "TestRuby_development" ENCODING = 'unicode'[0m
  ↳ /home/marcelo/.rvm/gems/ruby-2.5.1/bin/rake:23
  [1m[35m (675.2ms)[0m  [1m[35mCREATE DATABASE "TestRuby_test" ENCODING = 'unicode'[0m
  ↳ /home/marcelo/.rvm/gems/ruby-2.5.1/bin/rake:23
  [1m[35m (175.8ms)[0m  [1m[35mCREATE TABLE "schema_migrations" ("version" character varying NOT NULL PRIMARY KEY)[0m
  ↳ /home/marcelo/.rvm/gems/ruby-2.5.1/bin/rake:23
  [1m[35m (129.2ms)[0m  [1m[35mCREATE TABLE "ar_internal_metadata" ("key" character varying NOT NULL PRIMARY KEY, "value" character varying, "created_at" timestamp NOT NULL, "updated_at" timestamp NOT NULL)[0m
  ↳ /home/marcelo/.rvm/gems/ruby-2.5.1/bin/rake:23
  [1m[35m (0.5ms)[0m  [1m[34mSELECT pg_try_advisory_lock(2001972650212639860)[0m
  ↳ /home/marcelo/.rvm/gems/ruby-2.5.1/bin/rake:23
  [1m[35m (0.7ms)[0m  [1m[34mSELECT "schema_migrations"."version" FROM "schema_migrations" ORDER BY "schema_migrations"."version" ASC[0m
  ↳ /home/marcelo/.rvm/gems/ruby-2.5.1/bin/rake:23
Migrating to CreateTamanhos (20181221005651)
  [1m[35m (0.2ms)[0m  [1m[35mBEGIN[0m
  ↳ /home/marcelo/.rvm/gems/ruby-2.5.1/bin/rake:23
  [1m[35m (150.3ms)[0m  [1m[35mCREATE TABLE "tamanhos" ("id" bigserial primary key, "numero" character varying, "created_at" timestamp NOT NULL, "updated_at" timestamp NOT NULL)[0m
  ↳ db/migrate/20181221005651_create_tamanhos.rb:3
  [1m[36mActiveRecord::SchemaMigration Create (0.4ms)[0m  [1m[32mINSERT INTO "schema_migrations" ("version") VALUES ($1) RETURNING "version"[0m  [["version", "20181221005651"]]
  ↳ /home/marcelo/.rvm/gems/ruby-2.5.1/bin/rake:23
  [1m[35m (20.4ms)[0m  [1m[35mCOMMIT[0m
  ↳ /home/marcelo/.rvm/gems/ruby-2.5.1/bin/rake:23
  [1m[36mActiveRecord::InternalMetadata Load (0.5ms)[0m  [1m[34mSELECT  "ar_internal_metadata".* FROM "ar_internal_metadata" WHERE "ar_internal_metadata"."key" = $1 LIMIT $2[0m  [["key", "environment"], ["LIMIT", 1]]
  ↳ /home/marcelo/.rvm/gems/ruby-2.5.1/bin/rake:23
  [1m[35m (0.2ms)[0m  [1m[35mBEGIN[0m
  ↳ /home/marcelo/.rvm/gems/ruby-2.5.1/bin/rake:23
  [1m[36mActiveRecord::InternalMetadata Create (0.5ms)[0m  [1m[32mINSERT INTO "ar_internal_metadata" ("key", "value", "created_at", "updated_at") VALUES ($1, $2, $3, $4) RETURNING "key"[0m  [["key", "environment"], ["value", "development"], ["created_at", "2018-12-21 00:56:58.096487"], ["updated_at", "2018-12-21 00:56:58.096487"]]
  ↳ /home/marcelo/.rvm/gems/ruby-2.5.1/bin/rake:23
  [1m[35m (2.4ms)[0m  [1m[35mCOMMIT[0m
  ↳ /home/marcelo/.rvm/gems/ruby-2.5.1/bin/rake:23
  [1m[35m (0.2ms)[0m  [1m[34mSELECT pg_advisory_unlock(2001972650212639860)[0m
  ↳ /home/marcelo/.rvm/gems/ruby-2.5.1/bin/rake:23
  [1m[35m (0.3ms)[0m  [1m[34mSELECT "schema_migrations"."version" FROM "schema_migrations" ORDER BY "schema_migrations"."version" ASC[0m
  ↳ /home/marcelo/.rvm/gems/ruby-2.5.1/bin/rake:23
Started GET "/" for 127.0.0.1 at 2018-12-20 22:57:18 -0200
  [1m[35m (1.1ms)[0m  [1m[34mSELECT "schema_migrations"."version" FROM "schema_migrations" ORDER BY "schema_migrations"."version" ASC[0m
  ↳ /home/marcelo/.rvm/gems/ruby-2.5.1/gems/activerecord-5.2.2/lib/active_record/log_subscriber.rb:98
Processing by Rails::WelcomeController#index as HTML
  Rendering /home/marcelo/.rvm/gems/ruby-2.5.1/gems/railties-5.2.2/lib/rails/templates/rails/welcome/index.html.erb
  Rendered /home/marcelo/.rvm/gems/ruby-2.5.1/gems/railties-5.2.2/lib/rails/templates/rails/welcome/index.html.erb (11.8ms)
Completed 200 OK in 25ms (Views: 17.9ms | ActiveRecord: 0.0ms)


Started GET "/tamanhos" for 127.0.0.1 at 2018-12-20 23:15:04 -0200
  [1m[35m (0.8ms)[0m  [1m[34mSELECT "schema_migrations"."version" FROM "schema_migrations" ORDER BY "schema_migrations"."version" ASC[0m
  ↳ /home/marcelo/.rvm/gems/ruby-2.5.1/gems/activerecord-5.2.2/lib/active_record/log_subscriber.rb:98
Processing by TamanhosController#index as HTML
  Rendering tamanhos/index.html.erb within layouts/application
  [1m[36mTamanho Load (0.7ms)[0m  [1m[34mSELECT "tamanhos".* FROM "tamanhos"[0m
  ↳ app/views/tamanhos/index.html.erb:14
  Rendered tamanhos/index.html.erb within layouts/application (4.8ms)
Completed 200 OK in 656ms (Views: 641.5ms | ActiveRecord: 2.4ms)


Started GET "/" for 127.0.0.1 at 2018-12-20 23:15:11 -0200
Processing by Rails::WelcomeController#index as HTML
  Rendering /home/marcelo/.rvm/gems/ruby-2.5.1/gems/railties-5.2.2/lib/rails/templates/rails/welcome/index.html.erb
  Rendered /home/marcelo/.rvm/gems/ruby-2.5.1/gems/railties-5.2.2/lib/rails/templates/rails/welcome/index.html.erb (3.2ms)
Completed 200 OK in 7ms (Views: 4.7ms | ActiveRecord: 0.0ms)


Started GET "/" for 127.0.0.1 at 2018-12-20 23:15:13 -0200
Processing by Rails::WelcomeController#index as HTML
  Rendering /home/marcelo/.rvm/gems/ruby-2.5.1/gems/railties-5.2.2/lib/rails/templates/rails/welcome/index.html.erb
  Rendered /home/marcelo/.rvm/gems/ruby-2.5.1/gems/railties-5.2.2/lib/rails/templates/rails/welcome/index.html.erb (2.7ms)
Completed 200 OK in 6ms (Views: 4.1ms | ActiveRecord: 0.0ms)


